<?xml version="1.0" encoding="UTF-8"?>
<testsuite xmlns:xsi="http://www.w3.org/2001/XMLSchema-instance" xsi:noNamespaceSchemaLocation="https://maven.apache.org/surefire/maven-surefire-plugin/xsd/surefire-test-report.xsd" name="io.cucumber.shouty.RunCucumberTest" time="0.774" tests="1" errors="1" skipped="0" failures="0">
  <properties>
    <property name="java.specification.version" value="15"/>
    <property name="sun.jnu.encoding" value="UTF-8"/>
    <property name="java.class.path" value="/Users/1kevinson/Documents/Developer/Formations/cucumber-java-skeleton/target/test-classes:/Users/1kevinson/Documents/Developer/Formations/cucumber-java-skeleton/target/classes:/Users/1kevinson/.m2/repository/io/cucumber/cucumber-java/6.9.1/cucumber-java-6.9.1.jar:/Users/1kevinson/.m2/repository/io/cucumber/cucumber-core/6.9.1/cucumber-core-6.9.1.jar:/Users/1kevinson/.m2/repository/io/cucumber/cucumber-gherkin/6.9.1/cucumber-gherkin-6.9.1.jar:/Users/1kevinson/.m2/repository/io/cucumber/cucumber-gherkin-messages/6.9.1/cucumber-gherkin-messages-6.9.1.jar:/Users/1kevinson/.m2/repository/io/cucumber/messages/13.2.1/messages-13.2.1.jar:/Users/1kevinson/.m2/repository/io/cucumber/tag-expressions/3.0.0/tag-expressions-3.0.0.jar:/Users/1kevinson/.m2/repository/io/cucumber/cucumber-expressions/10.3.0/cucumber-expressions-10.3.0.jar:/Users/1kevinson/.m2/repository/io/cucumber/datatable/3.5.0/datatable-3.5.0.jar:/Users/1kevinson/.m2/repository/io/cucumber/cucumber-plugin/6.9.1/cucumber-plugin-6.9.1.jar:/Users/1kevinson/.m2/repository/io/cucumber/docstring/6.9.1/docstring-6.9.1.jar:/Users/1kevinson/.m2/repository/io/cucumber/html-formatter/9.0.0/html-formatter-9.0.0.jar:/Users/1kevinson/.m2/repository/io/cucumber/create-meta/2.0.4/create-meta-2.0.4.jar:/Users/1kevinson/.m2/repository/org/apiguardian/apiguardian-api/1.1.0/apiguardian-api-1.1.0.jar:/Users/1kevinson/.m2/repository/io/cucumber/cucumber-junit/6.9.1/cucumber-junit-6.9.1.jar:/Users/1kevinson/.m2/repository/junit/junit/4.13.1/junit-4.13.1.jar:/Users/1kevinson/.m2/repository/org/hamcrest/hamcrest-core/1.3/hamcrest-core-1.3.jar:"/>
    <property name="java.vm.vendor" value="Oracle Corporation"/>
    <property name="sun.arch.data.model" value="64"/>
    <property name="java.vendor.url" value="https://java.oracle.com/"/>
    <property name="os.name" value="Mac OS X"/>
    <property name="java.vm.specification.version" value="15"/>
    <property name="sun.java.launcher" value="SUN_STANDARD"/>
    <property name="user.country" value="GB"/>
    <property name="sun.boot.library.path" value="/Users/1kevinson/Library/Java/JavaVirtualMachines/openjdk-15.0.1/Contents/Home/lib"/>
    <property name="sun.java.command" value="/Users/1kevinson/Documents/Developer/Formations/cucumber-java-skeleton/target/surefire/surefirebooter12923031680377964133.jar /Users/1kevinson/Documents/Developer/Formations/cucumber-java-skeleton/target/surefire 2020-12-26T14-22-13_219-jvmRun1 surefire9208722041129790282tmp surefire_07469991084568680727tmp"/>
    <property name="http.nonProxyHosts" value="local|*.local|169.254/16|*.169.254/16"/>
    <property name="jdk.debug" value="release"/>
    <property name="surefire.test.class.path" value="/Users/1kevinson/Documents/Developer/Formations/cucumber-java-skeleton/target/test-classes:/Users/1kevinson/Documents/Developer/Formations/cucumber-java-skeleton/target/classes:/Users/1kevinson/.m2/repository/io/cucumber/cucumber-java/6.9.1/cucumber-java-6.9.1.jar:/Users/1kevinson/.m2/repository/io/cucumber/cucumber-core/6.9.1/cucumber-core-6.9.1.jar:/Users/1kevinson/.m2/repository/io/cucumber/cucumber-gherkin/6.9.1/cucumber-gherkin-6.9.1.jar:/Users/1kevinson/.m2/repository/io/cucumber/cucumber-gherkin-messages/6.9.1/cucumber-gherkin-messages-6.9.1.jar:/Users/1kevinson/.m2/repository/io/cucumber/messages/13.2.1/messages-13.2.1.jar:/Users/1kevinson/.m2/repository/io/cucumber/tag-expressions/3.0.0/tag-expressions-3.0.0.jar:/Users/1kevinson/.m2/repository/io/cucumber/cucumber-expressions/10.3.0/cucumber-expressions-10.3.0.jar:/Users/1kevinson/.m2/repository/io/cucumber/datatable/3.5.0/datatable-3.5.0.jar:/Users/1kevinson/.m2/repository/io/cucumber/cucumber-plugin/6.9.1/cucumber-plugin-6.9.1.jar:/Users/1kevinson/.m2/repository/io/cucumber/docstring/6.9.1/docstring-6.9.1.jar:/Users/1kevinson/.m2/repository/io/cucumber/html-formatter/9.0.0/html-formatter-9.0.0.jar:/Users/1kevinson/.m2/repository/io/cucumber/create-meta/2.0.4/create-meta-2.0.4.jar:/Users/1kevinson/.m2/repository/org/apiguardian/apiguardian-api/1.1.0/apiguardian-api-1.1.0.jar:/Users/1kevinson/.m2/repository/io/cucumber/cucumber-junit/6.9.1/cucumber-junit-6.9.1.jar:/Users/1kevinson/.m2/repository/junit/junit/4.13.1/junit-4.13.1.jar:/Users/1kevinson/.m2/repository/org/hamcrest/hamcrest-core/1.3/hamcrest-core-1.3.jar:"/>
    <property name="sun.cpu.endian" value="little"/>
    <property name="user.home" value="/Users/1kevinson"/>
    <property name="user.language" value="en"/>
    <property name="java.specification.vendor" value="Oracle Corporation"/>
    <property name="java.version.date" value="2020-10-20"/>
    <property name="java.home" value="/Users/1kevinson/Library/Java/JavaVirtualMachines/openjdk-15.0.1/Contents/Home"/>
    <property name="file.separator" value="/"/>
    <property name="basedir" value="/Users/1kevinson/Documents/Developer/Formations/cucumber-java-skeleton"/>
    <property name="java.vm.compressedOopsMode" value="Zero based"/>
    <property name="line.separator" value="&#10;"/>
    <property name="java.specification.name" value="Java Platform API Specification"/>
    <property name="java.vm.specification.vendor" value="Oracle Corporation"/>
    <property name="surefire.real.class.path" value="/Users/1kevinson/Documents/Developer/Formations/cucumber-java-skeleton/target/surefire/surefirebooter12923031680377964133.jar"/>
    <property name="sun.management.compiler" value="HotSpot 64-Bit Tiered Compilers"/>
    <property name="ftp.nonProxyHosts" value="local|*.local|169.254/16|*.169.254/16"/>
    <property name="java.runtime.version" value="15.0.1+9-18"/>
    <property name="user.name" value="1kevinson"/>
    <property name="path.separator" value=":"/>
    <property name="os.version" value="10.16"/>
    <property name="java.runtime.name" value="OpenJDK Runtime Environment"/>
    <property name="file.encoding" value="UTF-8"/>
    <property name="java.vm.name" value="OpenJDK 64-Bit Server VM"/>
    <property name="localRepository" value="/Users/1kevinson/.m2/repository"/>
    <property name="java.vendor.url.bug" value="https://bugreport.java.com/bugreport/"/>
    <property name="java.io.tmpdir" value="/var/folders/__/y7h3r9792kg5c52rfz15sdc80000gn/T/"/>
    <property name="java.version" value="15.0.1"/>
    <property name="user.dir" value="/Users/1kevinson/Documents/Developer/Formations/cucumber-java-skeleton"/>
    <property name="os.arch" value="x86_64"/>
    <property name="java.vm.specification.name" value="Java Virtual Machine Specification"/>
    <property name="java.library.path" value="/Users/1kevinson/Library/Java/Extensions:/Library/Java/Extensions:/Network/Library/Java/Extensions:/System/Library/Java/Extensions:/usr/lib/java:."/>
    <property name="java.vm.info" value="mixed mode, sharing"/>
    <property name="java.vendor" value="Oracle Corporation"/>
    <property name="java.vm.version" value="15.0.1+9-18"/>
    <property name="sun.io.unicode.encoding" value="UnicodeBig"/>
    <property name="socksNonProxyHosts" value="local|*.local|169.254/16|*.169.254/16"/>
    <property name="java.class.version" value="59.0"/>
  </properties>
  <testcase name="Listener is within range" classname="Hear shout" time="0.191">
    <error message="The step &quot;Lucy is loacated 15 meters from Sean&quot; is undefined. You can implement it using the snippet(s) below:&#10;&#10;@Given(&quot;Lucy is loacated {int} meters from Sean&quot;)&#10;public void lucy_is_loacated_meters_from_sean(Integer int1) {&#10;    // Write code here that turns the phrase above into concrete actions&#10;    throw new io.cucumber.java.PendingException();&#10;}&#10;&#10;&#10;Some other steps were also undefined:&#10;&#10;@When(&quot;Sean shouts {string}&quot;)&#10;public void sean_shouts(String string) {&#10;    // Write code here that turns the phrase above into concrete actions&#10;    throw new io.cucumber.java.PendingException();&#10;}&#10;@Then(&quot;Lucy hears Sean&apos;s message&quot;)&#10;public void lucy_hears_sean_s_message() {&#10;    // Write code here that turns the phrase above into concrete actions&#10;    throw new io.cucumber.java.PendingException();&#10;}&#10;" type="io.cucumber.junit.UndefinedStepException">io.cucumber.junit.UndefinedStepException: 
The step "Lucy is loacated 15 meters from Sean" is undefined. You can implement it using the snippet(s) below:

@Given("Lucy is loacated {int} meters from Sean")
public void lucy_is_loacated_meters_from_sean(Integer int1) {
    // Write code here that turns the phrase above into concrete actions
    throw new io.cucumber.java.PendingException();
}


Some other steps were also undefined:

@When("Sean shouts {string}")
public void sean_shouts(String string) {
    // Write code here that turns the phrase above into concrete actions
    throw new io.cucumber.java.PendingException();
}
@Then("Lucy hears Sean's message")
public void lucy_hears_sean_s_message() {
    // Write code here that turns the phrase above into concrete actions
    throw new io.cucumber.java.PendingException();
}

</error>
    <system-out><![CDATA[
Scenario: Listener is within range           &amp#27;[90m# io/cucumber/shouty/hear_shout.feature:2&amp#27;[0m
  &amp#27;[33mGiven &amp#27;[0m&amp#27;[33mLucy is loacated 15 meters from Sean&amp#27;[0m &amp#27;[90m# null&amp#27;[0m
  &amp#27;[36mWhen &amp#27;[0m&amp#27;[36mSean shouts "free bagels at Sean's"&amp#27;[0m   &amp#27;[90m# null&amp#27;[0m
  &amp#27;[36mThen &amp#27;[0m&amp#27;[36mLucy hears Sean's message&amp#27;[0m             &amp#27;[90m# null&amp#27;[0m
]]></system-out>
  </testcase>
</testsuite>